

***********************************************************************
Fatal NI connect error 6413, connecting to:
 (DESCRIPTION=(ADDRESS_LIST=(ADDRESS=(PROTOCOL=BEQ)(PROGRAM=oracle)(ARGV0=oracleXE)(ARGS='(DESCRIPTION=(LOCAL=YES)(ADDRESS=(PROTOCOL=beq)))')))(CONNECT_DATA=(SID=XE)(CID=(PROGRAM=C:\Program Files (x86)\Microsoft Visual Studio\VB98\vb6.exe)(HOST=MUHSIN)(USER=Muhsin))))

  VERSION INFORMATION:
	TNS for 32-bit Windows: Version 10.2.0.1.0 - Production
  Time: 04-SEP-2014 21:16:39
  Tracing not turned on.


***********************************************************************
Fatal NI connect error 6413, connecting to:
 (DESCRIPTION=(ADDRESS_LIST=(ADDRESS=(PROTOCOL=BEQ)(PROGRAM=oracle)(ARGV0=oracleXE)(ARGS='(DESCRIPTION=(LOCAL=YES)(ADDRESS=(PROTOCOL=beq)))')))(CONNECT_DATA=(SID=XE)(CID=(PROGRAM=C:\Program Files (x86)\Microsoft Visual Studio\VB98\vb6.exe)(HOST=MUHSIN)(USER=Muhsin))))

  VERSION INFORMATION:
	TNS for 32-bit Windows: Version 10.2.0.1.0 - Production
  Time: 04-SEP-2014 21:16:39
  Tracing not turned on.


***********************************************************************
Fatal NI connect error 6413, connecting to:
 (DESCRIPTION=(ADDRESS_LIST=(ADDRESS=(PROTOCOL=BEQ)(PROGRAM=oracle)(ARGV0=oracleXE)(ARGS='(DESCRIPTION=(LOCAL=YES)(ADDRESS=(PROTOCOL=beq)))')))(CONNECT_DATA=(SID=XE)(CID=(PROGRAM=C:\Program Files (x86)\Microsoft Visual Studio\VB98\vb6.exe)(HOST=MUHSIN)(USER=Muhsin))))

  VERSION INFORMATION:
	TNS for 32-bit Windows: Version 10.2.0.1.0 - Production
  Time: 04-SEP-2014 21:17:40
  Tracing not turned on.
